kotlin version: 2.1.10
error message: org.jetbrains.kotlin.backend.common.BackendException: Backend Internal error: Exception during IR lowering
File being compiled: C:/Users/HP/AndroidStudioProjects/Kotlin_Development/MoneyManager/app/src/main/java/com/ritesh/cashiro/presentation/ui/features/notifications/NotificationViewModel.kt
The root cause java.lang.RuntimeException was thrown at: org.jetbrains.kotlin.backend.jvm.codegen.FunctionCodegen.generate(FunctionCodegen.kt:48)
	at org.jetbrains.kotlin.backend.common.CodegenUtil.reportBackendException(CodegenUtil.kt:253)
	at org.jetbrains.kotlin.backend.common.CodegenUtil.reportBackendException$default(CodegenUtil.kt:236)
	at org.jetbrains.kotlin.backend.common.phaser.PerformByIrFilePhase.invokeSequential(performByIrFile.kt:55)
	at org.jetbrains.kotlin.backend.common.phaser.PerformByIrFilePhase.invoke(performByIrFile.kt:42)
	at org.jetbrains.kotlin.backend.common.phaser.PerformByIrFilePhase.invoke(performByIrFile.kt:28)
	at org.jetbrains.kotlin.backend.common.phaser.NamedCompilerPhase.phaseBody(CompilerPhase.kt:166)
	at org.jetbrains.kotlin.backend.common.phaser.AbstractNamedCompilerPhase.invoke(CompilerPhase.kt:113)
	at org.jetbrains.kotlin.backend.common.phaser.CompositePhase.invoke(PhaseBuilders.kt:27)
	at org.jetbrains.kotlin.backend.common.phaser.CompositePhase.invoke(PhaseBuilders.kt:14)
	at org.jetbrains.kotlin.backend.common.phaser.NamedCompilerPhase.phaseBody(CompilerPhase.kt:166)
	at org.jetbrains.kotlin.backend.common.phaser.AbstractNamedCompilerPhase.invoke(CompilerPhase.kt:113)
	at org.jetbrains.kotlin.backend.common.phaser.CompilerPhaseKt.invokeToplevel(CompilerPhase.kt:62)
	at org.jetbrains.kotlin.backend.jvm.JvmIrCodegenFactory.invokeCodegen(JvmIrCodegenFactory.kt:371)
	at org.jetbrains.kotlin.codegen.CodegenFactory.generateModule(CodegenFactory.kt:47)
	at org.jetbrains.kotlin.backend.jvm.JvmIrCodegenFactory.generateModuleInFrontendIRMode(JvmIrCodegenFactory.kt:433)
	at org.jetbrains.kotlin.cli.jvm.compiler.pipeline.JvmCompilerPipelineKt.generateCodeFromIr(jvmCompilerPipeline.kt:192)
	at org.jetbrains.kotlin.cli.jvm.compiler.pipeline.JvmCompilerPipelineKt.runBackend(jvmCompilerPipeline.kt:80)
	at org.jetbrains.kotlin.cli.jvm.compiler.pipeline.JvmCompilerPipelineLightTreeKt.compileModule(jvmCompilerPipelineLightTree.kt:264)
	at org.jetbrains.kotlin.cli.jvm.compiler.pipeline.JvmCompilerPipelineLightTreeKt.compileSingleModuleUsingFrontendIrAndLightTree(jvmCompilerPipelineLightTree.kt:231)
	at org.jetbrains.kotlin.cli.jvm.compiler.pipeline.JvmCompilerPipelineLightTreeKt.compileModulesUsingFrontendIrAndLightTree(jvmCompilerPipelineLightTree.kt:86)
	at org.jetbrains.kotlin.cli.jvm.K2JVMCompiler.doExecute(K2JVMCompiler.kt:146)
	at org.jetbrains.kotlin.cli.jvm.K2JVMCompiler.doExecute(K2JVMCompiler.kt:43)
	at org.jetbrains.kotlin.cli.common.CLICompiler.execImpl(CLICompiler.kt:102)
	at org.jetbrains.kotlin.cli.common.CLICompiler.exec(CLICompiler.kt:316)
	at org.jetbrains.kotlin.incremental.IncrementalJvmCompilerRunner.runCompiler(IncrementalJvmCompilerRunner.kt:464)
	at org.jetbrains.kotlin.incremental.IncrementalJvmCompilerRunner.runCompiler(IncrementalJvmCompilerRunner.kt:73)
	at org.jetbrains.kotlin.incremental.IncrementalCompilerRunner.doCompile(IncrementalCompilerRunner.kt:506)
	at org.jetbrains.kotlin.incremental.IncrementalCompilerRunner.compileImpl(IncrementalCompilerRunner.kt:423)
	at org.jetbrains.kotlin.incremental.IncrementalCompilerRunner.compileNonIncrementally(IncrementalCompilerRunner.kt:301)
	at org.jetbrains.kotlin.incremental.IncrementalCompilerRunner.compile(IncrementalCompilerRunner.kt:129)
	at org.jetbrains.kotlin.daemon.CompileServiceImplBase.execIncrementalCompiler(CompileServiceImpl.kt:683)
	at org.jetbrains.kotlin.daemon.CompileServiceImplBase.access$execIncrementalCompiler(CompileServiceImpl.kt:91)
	at org.jetbrains.kotlin.daemon.CompileServiceImpl.compile(CompileServiceImpl.kt:1811)
	at java.base/jdk.internal.reflect.DirectMethodHandleAccessor.invoke(Unknown Source)
	at java.base/java.lang.reflect.Method.invoke(Unknown Source)
	at java.rmi/sun.rmi.server.UnicastServerRef.dispatch(Unknown Source)
	at java.rmi/sun.rmi.transport.Transport$1.run(Unknown Source)
	at java.rmi/sun.rmi.transport.Transport$1.run(Unknown Source)
	at java.base/java.security.AccessController.doPrivileged(Unknown Source)
	at java.rmi/sun.rmi.transport.Transport.serviceCall(Unknown Source)
	at java.rmi/sun.rmi.transport.tcp.TCPTransport.handleMessages(Unknown Source)
	at java.rmi/sun.rmi.transport.tcp.TCPTransport$ConnectionHandler.run0(Unknown Source)
	at java.rmi/sun.rmi.transport.tcp.TCPTransport$ConnectionHandler.lambda$run$0(Unknown Source)
	at java.base/java.security.AccessController.doPrivileged(Unknown Source)
	at java.rmi/sun.rmi.transport.tcp.TCPTransport$ConnectionHandler.run(Unknown Source)
	at java.base/java.util.concurrent.ThreadPoolExecutor.runWorker(Unknown Source)
	at java.base/java.util.concurrent.ThreadPoolExecutor$Worker.run(Unknown Source)
	at java.base/java.lang.Thread.run(Unknown Source)
Caused by: java.lang.RuntimeException: Exception while generating code for:
FUN name:updateAlertTimeInternal visibility:private modality:FINAL <> ($this:com.ritesh.cashiro.presentation.ui.features.notifications.NotificationsViewModel, hour:kotlin.Int, minute:kotlin.Int) returnType:kotlin.Unit
  $this: VALUE_PARAMETER name:<this> type:com.ritesh.cashiro.presentation.ui.features.notifications.NotificationsViewModel
  VALUE_PARAMETER name:hour index:0 type:kotlin.Int
  VALUE_PARAMETER name:minute index:1 type:kotlin.Int
  BLOCK_BODY
    COMPOSITE type=kotlin.Unit origin=null
      CALL 'public final fun launch$default (context: kotlin.coroutines.CoroutineContext?, start: kotlinx.coroutines.CoroutineStart?, block: @[ExtensionFunctionType] kotlin.coroutines.SuspendFunction1<kotlinx.coroutines.CoroutineScope, kotlin.Unit>, $mask0: kotlin.Int, $handler: kotlin.Any?): kotlinx.coroutines.Job declared in kotlinx.coroutines.BuildersKt' type=kotlinx.coroutines.Job origin=DEFAULT_DISPATCH_CALL
        $receiver: CALL 'public final fun <get-viewModelScope> (): kotlinx.coroutines.CoroutineScope declared in androidx.lifecycle.ViewModelKt' type=kotlinx.coroutines.CoroutineScope origin=GET_PROPERTY
          $receiver: GET_VAR '<this>: com.ritesh.cashiro.presentation.ui.features.notifications.NotificationsViewModel declared in com.ritesh.cashiro.presentation.ui.features.notifications.NotificationsViewModel.updateAlertTimeInternal' type=com.ritesh.cashiro.presentation.ui.features.notifications.NotificationsViewModel origin=null
        context: COMPOSITE type=kotlin.coroutines.CoroutineContext? origin=DEFAULT_VALUE
          CONST Null type=kotlin.coroutines.CoroutineContext? value=null
        start: COMPOSITE type=kotlinx.coroutines.CoroutineStart? origin=DEFAULT_VALUE
          CONST Null type=kotlinx.coroutines.CoroutineStart? value=null
        block: BLOCK type=com.ritesh.cashiro.presentation.ui.features.notifications.NotificationsViewModel.updateAlertTimeInternal.<no name provided> origin=null
          CLASS SUSPEND_LAMBDA CLASS name:<no name provided> modality:FINAL visibility:public/*package*/ superTypes:[kotlin.coroutines.jvm.internal.SuspendLambda; kotlin.jvm.functions.Function2<kotlinx.coroutines.CoroutineScope, kotlin.coroutines.Continuation<kotlin.Unit>?, kotlin.Any?>]
            $this: VALUE_PARAMETER INSTANCE_RECEIVER name:<this> type:com.ritesh.cashiro.presentation.ui.features.notifications.NotificationsViewModel.updateAlertTimeInternal.<no name provided>
            FIELD name:label type:kotlin.Int visibility:public/*package*/
            CONSTRUCTOR SUSPEND_LAMBDA visibility:public/*package*/ <> (this$0:com.ritesh.cashiro.presentation.ui.features.notifications.NotificationsViewModel, $hour:kotlin.Int, $minute:kotlin.Int, $completion:kotlin.coroutines.Continuation<com.ritesh.cashiro.presentation.ui.features.notifications.NotificationsViewModel.updateAlertTimeInternal.<no name provided>>?) returnType:com.ritesh.cashiro.presentation.ui.features.notifications.NotificationsViewModel.updateAlertTimeInternal.<no name provided> [primary]
              VALUE_PARAMETER BOUND_RECEIVER_PARAMETER name:this$0 index:0 type:com.ritesh.cashiro.presentation.ui.features.notifications.NotificationsViewModel
              VALUE_PARAMETER BOUND_VALUE_PARAMETER name:$hour index:1 type:kotlin.Int
              VALUE_PARAMETER BOUND_VALUE_PARAMETER name:$minute index:2 type:kotlin.Int
              VALUE_PARAMETER name:$completion index:3 type:kotlin.coroutines.Continuation<com.ritesh.cashiro.presentation.ui.features.notifications.NotificationsViewModel.updateAlertTimeInternal.<no name provided>>?
              BLOCK_BODY
                SET_FIELD 'FIELD FIELD_FOR_CAPTURED_VALUE name:this$0 type:com.ritesh.cashiro.presentation.ui.features.notifications.NotificationsViewModel visibility:public/*package*/ [final] declared in com.ritesh.cashiro.presentation.ui.features.notifications.NotificationsViewModel.updateAlertTimeInternal.<no name provided>' type=kotlin.Unit origin=INITIALIZER_OF_FIELD_FOR_CAPTURED_VALUE
                  receiver: GET_VAR '<this>: com.ritesh.cashiro.presentation.ui.features.notifications.NotificationsViewModel.updateAlertTimeInternal.<no name provided> declared in com.ritesh.cashiro.presentation.ui.features.notifications.NotificationsViewModel.updateAlertTimeInternal.<no name provided>' type=com.ritesh.cashiro.presentation.ui.features.notifications.NotificationsViewModel.updateAlertTimeInternal.<no name provided> origin=null
                  value: GET_VAR 'this$0: com.ritesh.cashiro.presentation.ui.features.notifications.NotificationsViewModel declared in com.ritesh.cashiro.presentation.ui.features.notifications.NotificationsViewModel.updateAlertTimeInternal.<no name provided>.<init>' type=com.ritesh.cashiro.presentation.ui.features.notifications.NotificationsViewModel origin=null
                SET_FIELD 'FIELD FIELD_FOR_CAPTURED_VALUE name:$hour type:kotlin.Int visibility:public/*package*/ [final] declared in com.ritesh.cashiro.presentation.ui.features.notifications.NotificationsViewModel.updateAlertTimeInternal.<no name provided>' type=kotlin.Unit origin=INITIALIZER_OF_FIELD_FOR_CAPTURED_VALUE
                  receiver: GET_VAR '<this>: com.ritesh.cashiro.presentation.ui.features.notifications.NotificationsViewModel.updateAlertTimeInternal.<no name provided> declared in com.ritesh.cashiro.presentation.ui.features.notifications.NotificationsViewModel.updateAlertTimeInternal.<no name provided>' type=com.ritesh.cashiro.presentation.ui.features.notifications.NotificationsViewModel.updateAlertTimeInternal.<no name provided> origin=null
                  value: GET_VAR '$hour: kotlin.Int declared in com.ritesh.cashiro.presentation.ui.features.notifications.NotificationsViewModel.updateAlertTimeInternal.<no name provided>.<init>' type=kotlin.Int origin=null
                SET_FIELD 'FIELD FIELD_FOR_CAPTURED_VALUE name:$minute type:kotlin.Int visibility:public/*package*/ [final] declared in com.ritesh.cashiro.presentation.ui.features.notifications.NotificationsViewModel.updateAlertTimeInternal.<no name provided>' type=kotlin.Unit origin=INITIALIZER_OF_FIELD_FOR_CAPTURED_VALUE
                  receiver: GET_VAR '<this>: com.ritesh.cashiro.presentation.ui.features.notifications.NotificationsViewModel.updateAlertTimeInternal.<no name provided> declared in com.ritesh.cashiro.presentation.ui.features.notifications.NotificationsViewModel.updateAlertTimeInternal.<no name provided>' type=com.ritesh.cashiro.presentation.ui.features.notifications.NotificationsViewModel.updateAlertTimeInternal.<no name provided> origin=null
                  value: GET_VAR '$minute: kotlin.Int declared in com.ritesh.cashiro.presentation.ui.features.notifications.NotificationsViewModel.updateAlertTimeInternal.<no name provided>.<init>' type=kotlin.Int origin=null
                DELEGATING_CONSTRUCTOR_CALL 'public constructor <init> (arity: kotlin.Int, $completion: kotlin.coroutines.Continuation<kotlin.Any?>?) declared in kotlin.coroutines.jvm.internal.SuspendLambda'
                  arity: CONST Int type=kotlin.Int value=2
                  $completion: GET_VAR '$completion: kotlin.coroutines.Continuation<com.ritesh.cashiro.presentation.ui.features.notifications.NotificationsViewModel.updateAlertTimeInternal.<no name provided>>? declared in com.ritesh.cashiro.presentation.ui.features.notifications.NotificationsViewModel.updateAlertTimeInternal.<no name provided>.<init>' type=kotlin.coroutines.Continuation<com.ritesh.cashiro.presentation.ui.features.notifications.NotificationsViewModel.updateAlertTimeInternal.<no name provided>>? origin=null
                BLOCK type=kotlin.Unit origin=null
            FUN name:invokeSuspend visibility:public modality:FINAL <> ($this:com.ritesh.cashiro.presentation.ui.features.notifications.NotificationsViewModel.updateAlertTimeInternal.<no name provided>, $result:kotlin.Result<kotlin.Any?>) returnType:kotlin.Any?
              overridden:
                protected abstract fun invokeSuspend ($result: kotlin.Result<kotlin.Any?>): kotlin.Any? declared in kotlin.coroutines.jvm.internal.SuspendLambda
              $this: VALUE_PARAMETER INSTANCE_RECEIVER name:<this> type:com.ritesh.cashiro.presentation.ui.features.notifications.NotificationsViewModel.updateAlertTimeInternal.<no name provided>
              VALUE_PARAMETER name:$result index:0 type:kotlin.Result<kotlin.Any?>
              BLOCK_BODY
                TRY type=kotlin.Unit
                  try: BLOCK type=kotlin.Unit origin=null
                    CALL 'public final fun updateAlertTime (hour: kotlin.Int, minute: kotlin.Int, $completion: kotlin.coroutines.Continuation<kotlin.Unit>): kotlin.Any? [suspend] declared in com.ritesh.cashiro.domain.repository.SettingsRepository' type=kotlin.Unit origin=null
                      $this: CALL 'public final fun <get-settingsRepository> (): com.ritesh.cashiro.domain.repository.SettingsRepository declared in com.ritesh.cashiro.presentation.ui.features.notifications.NotificationsViewModel' type=com.ritesh.cashiro.domain.repository.SettingsRepository origin=GET_PROPERTY
                        $this: GET_FIELD 'FIELD FIELD_FOR_CAPTURED_VALUE name:this$0 type:com.ritesh.cashiro.presentation.ui.features.notifications.NotificationsViewModel visibility:public/*package*/ [final] declared in com.ritesh.cashiro.presentation.ui.features.notifications.NotificationsViewModel.updateAlertTimeInternal.<no name provided>' type=com.ritesh.cashiro.presentation.ui.features.notifications.NotificationsViewModel origin=null
                          receiver: GET_VAR '<this>: com.ritesh.cashiro.presentation.ui.features.notifications.NotificationsViewModel.updateAlertTimeInternal.<no name provided> declared in com.ritesh.cashiro.presentation.ui.features.notifications.NotificationsViewModel.updateAlertTimeInternal.<no name provided>.invokeSuspend' type=com.ritesh.cashiro.presentation.ui.features.notifications.NotificationsViewModel.updateAlertTimeInternal.<no name provided> origin=null
                      hour: GET_FIELD 'FIELD FIELD_FOR_CAPTURED_VALUE name:$hour type:kotlin.Int visibility:public/*package*/ [final] declared in com.ritesh.cashiro.presentation.ui.features.notifications.NotificationsViewModel.updateAlertTimeInternal.<no name provided>' type=kotlin.Int origin=null
                        receiver: GET_VAR '<this>: com.ritesh.cashiro.presentation.ui.features.notifications.NotificationsViewModel.updateAlertTimeInternal.<no name provided> declared in com.ritesh.cashiro.presentation.ui.features.notifications.NotificationsViewModel.updateAlertTimeInternal.<no name provided>.invokeSuspend' type=com.ritesh.cashiro.presentation.ui.features.notifications.NotificationsViewModel.updateAlertTimeInternal.<no name provided> origin=null
                      minute: GET_FIELD 'FIELD FIELD_FOR_CAPTURED_VALUE name:$minute type:kotlin.Int visibility:public/*package*/ [final] declared in com.ritesh.cashiro.presentation.ui.features.notifications.NotificationsViewModel.updateAlertTimeInternal.<no name provided>' type=kotlin.Int origin=null
                        receiver: GET_VAR '<this>: com.ritesh.cashiro.presentation.ui.features.notifications.NotificationsViewModel.updateAlertTimeInternal.<no name provided> declared in com.ritesh.cashiro.presentation.ui.features.notifications.NotificationsViewModel.updateAlertTimeInternal.<no name provided>.invokeSuspend' type=com.ritesh.cashiro.presentation.ui.features.notifications.NotificationsViewModel.updateAlertTimeInternal.<no name provided> origin=null
                      $completion: GET_VAR '<this>: com.ritesh.cashiro.presentation.ui.features.notifications.NotificationsViewModel.updateAlertTimeInternal.<no name provided> declared in com.ritesh.cashiro.presentation.ui.features.notifications.NotificationsViewModel.updateAlertTimeInternal.<no name provided>.invokeSuspend' type=com.ritesh.cashiro.presentation.ui.features.notifications.NotificationsViewModel.updateAlertTimeInternal.<no name provided> origin=null
                    CALL 'public final fun access$updateState ($this: com.ritesh.cashiro.presentation.ui.features.notifications.NotificationsViewModel, update: kotlin.Function1<com.ritesh.cashiro.presentation.ui.features.notifications.NotificationState, com.ritesh.cashiro.presentation.ui.features.notifications.NotificationState>): kotlin.Unit declared in com.ritesh.cashiro.presentation.ui.features.notifications.NotificationsViewModel' type=kotlin.Unit origin=null
                      $this: GET_FIELD 'FIELD FIELD_FOR_CAPTURED_VALUE name:this$0 type:com.ritesh.cashiro.presentation.ui.features.notifications.NotificationsViewModel visibility:public/*package*/ [final] declared in com.ritesh.cashiro.presentation.ui.features.notifications.NotificationsViewModel.updateAlertTimeInternal.<no name provided>' type=com.ritesh.cashiro.presentation.ui.features.notifications.NotificationsViewModel origin=null
                        receiver: GET_VAR '<this>: com.ritesh.cashiro.presentation.ui.features.notifications.NotificationsViewModel.updateAlertTimeInternal.<no name provided> declared in com.ritesh.cashiro.presentation.ui.features.notifications.NotificationsViewModel.updateAlertTimeInternal.<no name provided>.invokeSuspend' type=com.ritesh.cashiro.presentation.ui.features.notifications.NotificationsViewModel.updateAlertTimeInternal.<no name provided> origin=null
                      update: BLOCK type=kotlin.Function1<com.ritesh.cashiro.presentation.ui.features.notifications.NotificationState, com.ritesh.cashiro.presentation.ui.features.notifications.NotificationState> origin=LAMBDA
                        COMPOSITE type=kotlin.Unit origin=null
                        CALL 'public final fun <jvm-indy> <T> (dynamicCall: T of kotlin.jvm.internal.<jvm-indy>, bootstrapMethodHandle: kotlin.Any, vararg bootstrapMethodArguments: kotlin.Any): T of kotlin.jvm.internal.<jvm-indy> declared in kotlin.jvm.internal' type=kotlin.Function1<com.ritesh.cashiro.presentation.ui.features.notifications.NotificationState, com.ritesh.cashiro.presentation.ui.features.notifications.NotificationState> origin=null
                          <T>: kotlin.Function1<com.ritesh.cashiro.presentation.ui.features.notifications.NotificationState, com.ritesh.cashiro.presentation.ui.features.notifications.NotificationState>
                          dynamicCall: CALL 'public final fun invoke (p0: kotlin.Int, p1: kotlin.Int): kotlin.Function1<com.ritesh.cashiro.presentation.ui.features.notifications.NotificationState, com.ritesh.cashiro.presentation.ui.features.notifications.NotificationState> declared in kotlin.jvm.internal.invokeDynamic' type=kotlin.Function1<com.ritesh.cashiro.presentation.ui.features.notifications.NotificationState, com.ritesh.cashiro.presentation.ui.features.notifications.NotificationState> origin=null
                            p0: GET_FIELD 'FIELD FIELD_FOR_CAPTURED_VALUE name:$hour type:kotlin.Int visibility:public/*package*/ [final] declared in com.ritesh.cashiro.presentation.ui.features.notifications.NotificationsViewModel.updateAlertTimeInternal.<no name provided>' type=kotlin.Int origin=null
                              receiver: GET_VAR '<this>: com.ritesh.cashiro.presentation.ui.features.notifications.NotificationsViewModel.updateAlertTimeInternal.<no name provided> declared in com.ritesh.cashiro.presentation.ui.features.notifications.NotificationsViewModel.updateAlertTimeInternal.<no name provided>.invokeSuspend' type=com.ritesh.cashiro.presentation.ui.features.notifications.NotificationsViewModel.updateAlertTimeInternal.<no name provided> origin=null
                            p1: GET_FIELD 'FIELD FIELD_FOR_CAPTURED_VALUE name:$minute type:kotlin.Int visibility:public/*package*/ [final] declared in com.ritesh.cashiro.presentation.ui.features.notifications.NotificationsViewModel.updateAlertTimeInternal.<no name provided>' type=kotlin.Int origin=null
                              receiver: GET_VAR '<this>: com.ritesh.cashiro.presentation.ui.features.notifications.NotificationsViewModel.updateAlertTimeInternal.<no name provided> declared in com.ritesh.cashiro.presentation.ui.features.notifications.NotificationsViewModel.updateAlertTimeInternal.<no name provided>.invokeSuspend' type=com.ritesh.cashiro.presentation.ui.features.notifications.NotificationsViewModel.updateAlertTimeInternal.<no name provided> origin=null
                          bootstrapMethodHandle: CALL 'public final fun <jvm-method-handle> (tag: kotlin.Int, owner: kotlin.String, name: kotlin.String, descriptor: kotlin.String, isInterface: kotlin.Boolean): kotlin.Any declared in kotlin.jvm.internal' type=kotlin.Any origin=null
                            tag: CONST Int type=kotlin.Int value=6
                            owner: CONST String type=kotlin.String value="java/lang/invoke/LambdaMetafactory"
                            name: CONST String type=kotlin.String value="metafactory"
                            descriptor: CONST String type=kotlin.String value="(Ljava/lang/invoke/MethodHandles$Lookup;Ljava/lang/String;Ljava/lang/invoke/MethodType;Ljava/lang/invoke/MethodType;Ljava/lang/invoke/MethodHandle;Ljava/lang/invoke/MethodType;)Ljava/lang/invoke/CallSite;"
                            isInterface: CONST Boolean type=kotlin.Boolean value=false
                          bootstrapMethodArguments: VARARG type=kotlin.Array<kotlin.Any> varargElementType=kotlin.Any
                            CALL 'public final fun <jvm-original-method-type> (method: kotlin.Any): kotlin.Any declared in kotlin.jvm.internal' type=kotlin.Any origin=null
                              method: RAW_FUNCTION_REFERENCE 'public abstract fun invoke (p1: P1 of kotlin.Function1): R of kotlin.Function1 [operator] declared in kotlin.Function1' type=kotlin.Any
                            RAW_FUNCTION_REFERENCE 'private final fun invokeSuspend$lambda$0 ($hour: kotlin.Int, $minute: kotlin.Int, it: com.ritesh.cashiro.presentation.ui.features.notifications.NotificationState): com.ritesh.cashiro.presentation.ui.features.notifications.NotificationState declared in com.ritesh.cashiro.presentation.ui.features.notifications.NotificationsViewModel.updateAlertTimeInternal.<no name provided>' type=kotlin.Any
                            CALL 'public final fun <jvm-original-method-type> (method: kotlin.Any): kotlin.Any declared in kotlin.jvm.internal' type=kotlin.Any origin=null
                              method: RAW_FUNCTION_REFERENCE 'public abstract fun invoke (p1: com.ritesh.cashiro.presentation.ui.features.notifications.NotificationState): com.ritesh.cashiro.presentation.ui.features.notifications.NotificationState [fake_override,operator] declared in kotlin.jvm.internal.invokeDynamic.<fake>' type=kotlin.Any
                  CATCH parameter=val e: java.lang.Exception [val] declared in com.ritesh.cashiro.presentation.ui.features.notifications.NotificationsViewModel.updateAlertTimeInternal.<no name provided>.invokeSuspend
                    VAR CATCH_PARAMETER name:e type:java.lang.Exception [val]
                    BLOCK type=kotlin.Unit origin=null
                      CALL 'public final fun access$updateState ($this: com.ritesh.cashiro.presentation.ui.features.notifications.NotificationsViewModel, update: kotlin.Function1<com.ritesh.cashiro.presentation.ui.features.notifications.NotificationState, com.ritesh.cashiro.presentation.ui.features.notifications.NotificationState>): kotlin.Unit declared in com.ritesh.cashiro.presentation.ui.features.notifications.NotificationsViewModel' type=kotlin.Unit origin=null
                        $this: GET_FIELD 'FIELD FIELD_FOR_CAPTURED_VALUE name:this$0 type:com.ritesh.cashiro.presentation.ui.features.notifications.NotificationsViewModel visibility:public/*package*/ [final] declared in com.ritesh.cashiro.presentation.ui.features.notifications.NotificationsViewModel.updateAlertTimeInternal.<no name provided>' type=com.ritesh.cashiro.presentation.ui.features.notifications.NotificationsViewModel origin=null
                          receiver: GET_VAR '<this>: com.ritesh.cashiro.presentation.ui.features.notifications.NotificationsViewModel.updateAlertTimeInternal.<no name provided> declared in com.ritesh.cashiro.presentation.ui.features.notifications.NotificationsViewModel.updateAlertTimeInternal.<no name provided>.invokeSuspend' type=com.ritesh.cashiro.presentation.ui.features.notifications.NotificationsViewModel.updateAlertTimeInternal.<no name provided> origin=null
                        update: BLOCK type=kotlin.Function1<com.ritesh.cashiro.presentation.ui.features.notifications.NotificationState, com.ritesh.cashiro.presentation.ui.features.notifications.NotificationState> origin=LAMBDA
                          COMPOSITE type=kotlin.Unit origin=null
                          CALL 'public final fun <jvm-indy> <T> (dynamicCall: T of kotlin.jvm.internal.<jvm-indy>, bootstrapMethodHandle: kotlin.Any, vararg bootstrapMethodArguments: kotlin.Any): T of kotlin.jvm.internal.<jvm-indy> declared in kotlin.jvm.internal' type=kotlin.Function1<com.ritesh.cashiro.presentation.ui.features.notifications.NotificationState, com.ritesh.cashiro.presentation.ui.features.notifications.NotificationState> origin=null
                            <T>: kotlin.Function1<com.ritesh.cashiro.presentation.ui.features.notifications.NotificationState, com.ritesh.cashiro.presentation.ui.features.notifications.NotificationState>
                            dynamicCall: CALL 'public final fun invoke (p0: java.lang.Exception): kotlin.Function1<com.ritesh.cashiro.presentation.ui.features.notifications.NotificationState, com.ritesh.cashiro.presentation.ui.features.notifications.NotificationState> declared in kotlin.jvm.internal.invokeDynamic' type=kotlin.Function1<com.ritesh.cashiro.presentation.ui.features.notifications.NotificationState, com.ritesh.cashiro.presentation.ui.features.notifications.NotificationState> origin=null
                              p0: GET_VAR 'val e: java.lang.Exception [val] declared in com.ritesh.cashiro.presentation.ui.features.notifications.NotificationsViewModel.updateAlertTimeInternal.<no name provided>.invokeSuspend' type=java.lang.Exception origin=null
                            bootstrapMethodHandle: CALL 'public final fun <jvm-method-handle> (tag: kotlin.Int, owner: kotlin.String, name: kotlin.String, descriptor: kotlin.String, isInterface: kotlin.Boolean): kotlin.Any declared in kotlin.jvm.internal' type=kotlin.Any origin=null
                              tag: CONST Int type=kotlin.Int value=6
                              owner: CONST String type=kotlin.String value="java/lang/invoke/LambdaMetafactory"
                              name: CONST String type=kotlin.String value="metafactory"
                              descriptor: CONST String type=kotlin.String value="(Ljava/lang/invoke/MethodHandles$Lookup;Ljava/lang/String;Ljava/lang/invoke/MethodType;Ljava/lang/invoke/MethodType;Ljava/lang/invoke/MethodHandle;Ljava/lang/invoke/MethodType;)Ljava/lang/invoke/CallSite;"
                              isInterface: CONST Boolean type=kotlin.Boolean value=false
                            bootstrapMethodArguments: VARARG type=kotlin.Array<kotlin.Any> varargElementType=kotlin.Any
                              CALL 'public final fun <jvm-original-method-type> (method: kotlin.Any): kotlin.Any declared in kotlin.jvm.internal' type=kotlin.Any origin=null
                                method: RAW_FUNCTION_REFERENCE 'public abstract fun invoke (p1: P1 of kotlin.Function1): R of kotlin.Function1 [operator] declared in kotlin.Function1' type=kotlin.Any
                              RAW_FUNCTION_REFERENCE 'private final fun invokeSuspend$lambda$1 ($e: java.lang.Exception, it: com.ritesh.cashiro.presentation.ui.features.notifications.NotificationState): com.ritesh.cashiro.presentation.ui.features.notifications.NotificationState declared in com.ritesh.cashiro.presentation.ui.features.notifications.NotificationsViewModel.updateAlertTimeInternal.<no name provided>' type=kotlin.Any
                              CALL 'public final fun <jvm-original-method-type> (method: kotlin.Any): kotlin.Any declared in kotlin.jvm.internal' type=kotlin.Any origin=null
                                method: RAW_FUNCTION_REFERENCE 'public abstract fun invoke (p1: com.ritesh.cashiro.presentation.ui.features.notifications.NotificationState): com.ritesh.cashiro.presentation.ui.features.notifications.NotificationState [fake_override,operator] declared in kotlin.jvm.internal.invokeDynamic.<fake>' type=kotlin.Any
            FUN name:create visibility:public modality:FINAL <> ($this:com.ritesh.cashiro.presentation.ui.features.notifications.NotificationsViewModel.updateAlertTimeInternal.<no name provided>, value:kotlin.Any?, $completion:kotlin.coroutines.Continuation<kotlin.Nothing>) returnType:kotlin.coroutines.Continuation<kotlin.Unit>
              overridden:
                public open fun create (value: kotlin.Any?, $completion: kotlin.coroutines.Continuation<kotlin.Nothing>): kotlin.coroutines.Continuation<kotlin.Unit> declared in kotlin.coroutines.jvm.internal.SuspendLambda
              $this: VALUE_PARAMETER INSTANCE_RECEIVER name:<this> type:com.ritesh.cashiro.presentation.ui.features.notifications.NotificationsViewModel.updateAlertTimeInternal.<no name provided>
              VALUE_PARAMETER name:value index:0 type:kotlin.Any?
              VALUE_PARAMETER name:$completion index:1 type:kotlin.coroutines.Continuation<kotlin.Nothing>
              BLOCK_BODY
                RETURN type=kotlin.Nothing from='public final fun create (value: kotlin.Any?, $completion: kotlin.coroutines.Continuation<kotlin.Nothing>): kotlin.coroutines.Continuation<kotlin.Unit> declared in com.ritesh.cashiro.presentation.ui.features.notifications.NotificationsViewModel.updateAlertTimeInternal.<no name provided>'
                  CONSTRUCTOR_CALL 'public/*package*/ constructor <init> (this$0: com.ritesh.cashiro.presentation.ui.features.notifications.NotificationsViewModel, $hour: kotlin.Int, $minute: kotlin.Int, $completion: kotlin.coroutines.Continuation<com.ritesh.cashiro.presentation.ui.features.notifications.NotificationsViewModel.updateAlertTimeInternal.<no name provided>>?) [primary] declared in com.ritesh.cashiro.presentation.ui.features.notifications.NotificationsViewModel.updateAlertTimeInternal.<no name provided>' type=com.ritesh.cashiro.presentation.ui.features.notifications.NotificationsViewModel.updateAlertTimeInternal.<no name provided> origin=null
                    this$0: GET_FIELD 'FIELD FIELD_FOR_CAPTURED_VALUE name:this$0 type:com.ritesh.cashiro.presentation.ui.features.notifications.NotificationsViewModel visibility:public/*package*/ [final] declared in com.ritesh.cashiro.presentation.ui.features.notifications.NotificationsViewModel.updateAlertTimeInternal.<no name provided>' type=com.ritesh.cashiro.presentation.ui.features.notifications.NotificationsViewModel origin=null
                      receiver: GET_VAR '<this>: com.ritesh.cashiro.presentation.ui.features.notifications.NotificationsViewModel.updateAlertTimeInternal.<no name provided> declared in com.ritesh.cashiro.presentation.ui.features.notifications.NotificationsViewModel.updateAlertTimeInternal.<no name provided>.create' type=com.ritesh.cashiro.presentation.ui.features.notifications.NotificationsViewModel.updateAlertTimeInternal.<no name provided> origin=null
                    $hour: GET_FIELD 'FIELD FIELD_FOR_CAPTURED_VALUE name:$hour type:kotlin.Int visibility:public/*package*/ [final] declared in com.ritesh.cashiro.presentation.ui.features.notifications.NotificationsViewModel.updateAlertTimeInternal.<no name provided>' type=kotlin.Int origin=null
                      receiver: GET_VAR '<this>: com.ritesh.cashiro.presentation.ui.features.notifications.NotificationsViewModel.updateAlertTimeInternal.<no name provided> declared in com.ritesh.cashiro.presentation.ui.features.notifications.NotificationsViewModel.updateAlertTimeInternal.<no name provided>.create' type=com.ritesh.cashiro.presentation.ui.features.notifications.NotificationsViewModel.updateAlertTimeInternal.<no name provided> origin=null
                    $minute: GET_FIELD 'FIELD FIELD_FOR_CAPTURED_VALUE name:$minute type:kotlin.Int visibility:public/*package*/ [final] declared in com.ritesh.cashiro.presentation.ui.features.notifications.NotificationsViewModel.updateAlertTimeInternal.<no name provided>' type=kotlin.Int origin=null
                      receiver: GET_VAR '<this>: com.ritesh.cashiro.presentation.ui.features.notifications.NotificationsViewModel.updateAlertTimeInternal.<no name provided> declared in com.ritesh.cashiro.presentation.ui.features.notifications.NotificationsViewModel.updateAlertTimeInternal.<no name provided>.create' type=com.ritesh.cashiro.presentation.ui.features.notifications.NotificationsViewModel.updateAlertTimeInternal.<no name provided> origin=null
                    $completion: GET_VAR '$completion: kotlin.coroutines.Continuation<kotlin.Nothing> declared in com.ritesh.cashiro.presentation.ui.features.notifications.NotificationsViewModel.updateAlertTimeInternal.<no name provided>.create' type=kotlin.coroutines.Continuation<kotlin.Nothing> origin=null
            FUN name:invoke visibility:public modality:FINAL <> ($this:com.ritesh.cashiro.presentation.ui.features.notifications.NotificationsViewModel.updateAlertTimeInternal.<no name provided>, p1:kotlinx.coroutines.CoroutineScope, p2:kotlin.coroutines.Continuation<kotlin.Unit>?) returnType:kotlin.Any?
              overridden:
                public abstract fun invoke (p1: P1 of kotlin.jvm.functions.Function2, p2: P2 of kotlin.jvm.functions.Function2): R of kotlin.jvm.functions.Function2 declared in kotlin.jvm.functions.Function2
              $this: VALUE_PARAMETER INSTANCE_RECEIVER name:<this> type:com.ritesh.cashiro.presentation.ui.features.notifications.NotificationsViewModel.updateAlertTimeInternal.<no name provided>
              VALUE_PARAMETER name:p1 index:0 type:kotlinx.coroutines.CoroutineScope
              VALUE_PARAMETER name:p2 index:1 type:kotlin.coroutines.Continuation<kotlin.Unit>?
              BLOCK_BODY
                RETURN type=kotlin.Nothing from='public final fun invoke (p1: kotlinx.coroutines.CoroutineScope, p2: kotlin.coroutines.Continuation<kotlin.Unit>?): kotlin.Any? declared in com.ritesh.cashiro.presentation.ui.features.notifications.NotificationsViewModel.updateAlertTimeInternal.<no name provided>'
                  CALL 'public final fun invokeSuspend ($result: kotlin.Result<kotlin.Any?>): kotlin.Any? declared in com.ritesh.cashiro.presentation.ui.features.notifications.NotificationsViewModel.updateAlertTimeInternal.<no name provided>' type=kotlin.Any? origin=null
                    $this: TYPE_OP type=com.ritesh.cashiro.presentation.ui.features.notifications.NotificationsViewModel.updateAlertTimeInternal.<no name provided> origin=IMPLICIT_CAST typeOperand=com.ritesh.cashiro.presentation.ui.features.notifications.NotificationsViewModel.updateAlertTimeInternal.<no name provided>
                      CALL 'public final fun create (value: kotlin.Any?, $completion: kotlin.coroutines.Continuation<kotlin.Nothing>): kotlin.coroutines.Continuation<kotlin.Unit> declared in com.ritesh.cashiro.presentation.ui.features.notifications.NotificationsViewModel.updateAlertTimeInternal.<no name provided>' type=kotlin.coroutines.Continuation<kotlin.Unit> origin=null
                        $this: GET_VAR '<this>: com.ritesh.cashiro.presentation.ui.features.notifications.NotificationsViewModel.updateAlertTimeInternal.<no name provided> declared in com.ritesh.cashiro.presentation.ui.features.notifications.NotificationsViewModel.updateAlertTimeInternal.<no name provided>.invoke' type=com.ritesh.cashiro.presentation.ui.features.notifications.NotificationsViewModel.updateAlertTimeInternal.<no name provided> origin=null
                        value: GET_VAR 'p1: kotlinx.coroutines.CoroutineScope declared in com.ritesh.cashiro.presentation.ui.features.notifications.NotificationsViewModel.updateAlertTimeInternal.<no name provided>.invoke' type=kotlinx.coroutines.CoroutineScope origin=null
                        $completion: GET_VAR 'p2: kotlin.coroutines.Continuation<kotlin.Unit>? declared in com.ritesh.cashiro.presentation.ui.features.notifications.NotificationsViewModel.updateAlertTimeInternal.<no name provided>.invoke' type=kotlin.coroutines.Continuation<kotlin.Unit>? origin=null
                    $result: CALL 'public final fun <unsafe-coerce> <T, R> (v: T of kotlin.jvm.internal.<unsafe-coerce>): R of kotlin.jvm.internal.<unsafe-coerce> declared in kotlin.jvm.internal' type=kotlin.Result<kotlin.Any?> origin=null
                      <T>: kotlin.Any?
                      <R>: kotlin.Result<kotlin.Any?>
                      v: GET_FIELD 'FIELD FIELD_FOR_OBJECT_INSTANCE name:INSTANCE type:kotlin.Unit visibility:public [final,static] declared in kotlin.Unit' type=kotlin.Unit origin=null
            FIELD FIELD_FOR_CAPTURED_VALUE name:this$0 type:com.ritesh.cashiro.presentation.ui.features.notifications.NotificationsViewModel visibility:public/*package*/ [final]
            FIELD FIELD_FOR_CAPTURED_VALUE name:$hour type:kotlin.Int visibility:public/*package*/ [final]
            FIELD FIELD_FOR_CAPTURED_VALUE name:$minute type:kotlin.Int visibility:public/*package*/ [final]
            FUN LOCAL_FUNCTION_FOR_LAMBDA name:invokeSuspend$lambda$0 visibility:private modality:FINAL <> ($hour:kotlin.Int, $minute:kotlin.Int, it:com.ritesh.cashiro.presentation.ui.features.notifications.NotificationState) returnType:com.ritesh.cashiro.presentation.ui.features.notifications.NotificationState
              VALUE_PARAMETER BOUND_VALUE_PARAMETER name:$hour index:0 type:kotlin.Int
              VALUE_PARAMETER BOUND_VALUE_PARAMETER name:$minute index:1 type:kotlin.Int
              VALUE_PARAMETER name:it index:2 type:com.ritesh.cashiro.presentation.ui.features.notifications.NotificationState
              BLOCK_BODY
                RETURN type=kotlin.Nothing from='private final fun invokeSuspend$lambda$0 ($hour: kotlin.Int, $minute: kotlin.Int, it: com.ritesh.cashiro.presentation.ui.features.notifications.NotificationState): com.ritesh.cashiro.presentation.ui.features.notifications.NotificationState declared in com.ritesh.cashiro.presentation.ui.features.notifications.NotificationsViewModel.updateAlertTimeInternal.<no name provided>'
                  CALL 'public final fun copy$default ($this: com.ritesh.cashiro.presentation.ui.features.notifications.NotificationState, isLoading: kotlin.Boolean, upcomingTransactions: kotlin.collections.List<com.ritesh.cashiro.data.local.entity.TransactionEntity>?, settings: com.ritesh.cashiro.domain.repository.Settings?, hasNotificationPermissions: kotlin.Boolean, error: kotlin.String?, showReminderTypeModal: kotlin.Boolean, showTimePicker: kotlin.Boolean, showPermissionDialog: kotlin.Boolean, selectedHour: kotlin.Int, selectedMinute: kotlin.Int, showOnlyUnpaidTransactions: kotlin.Boolean, sortByDueDate: kotlin.Boolean, $mask0: kotlin.Int, $handler: kotlin.Any?): com.ritesh.cashiro.presentation.ui.features.notifications.NotificationState declared in com.ritesh.cashiro.presentation.ui.features.notifications.NotificationState' type=com.ritesh.cashiro.presentation.ui.features.notifications.NotificationState origin=DEFAULT_DISPATCH_CALL
                    $this: GET_VAR 'it: com.ritesh.cashiro.presentation.ui.features.notifications.NotificationState declared in com.ritesh.cashiro.presentation.ui.features.notifications.NotificationsViewModel.updateAlertTimeInternal.<no name provided>.invokeSuspend$lambda$0' type=com.ritesh.cashiro.presentation.ui.features.notifications.NotificationState origin=null
                    isLoading: COMPOSITE type=kotlin.Boolean origin=DEFAULT_VALUE
                      CONST Boolean type=kotlin.Boolean value=false
                    upcomingTransactions: COMPOSITE type=kotlin.collections.List<com.ritesh.cashiro.data.local.entity.TransactionEntity>? origin=DEFAULT_VALUE
                      CONST Null type=kotlin.collections.List<com.ritesh.cashiro.data.local.entity.TransactionEntity>? value=null
                    settings: COMPOSITE type=com.ritesh.cashiro.domain.repository.Settings? origin=DEFAULT_VALUE
                      CONST Null type=com.ritesh.cashiro.domain.repository.Settings? value=null
                    hasNotificationPermissions: COMPOSITE type=kotlin.Boolean origin=DEFAULT_VALUE
                      CONST Boolean type=kotlin.Boolean value=false
                    error: COMPOSITE type=kotlin.String? origin=DEFAULT_VALUE
                      CONST Null type=kotlin.String? value=null
                    showReminderTypeModal: COMPOSITE type=kotlin.Boolean origin=DEFAULT_VALUE
                      CONST Boolean type=kotlin.Boolean value=false
                    showTimePicker: COMPOSITE type=kotlin.Boolean origin=DEFAULT_VALUE
                      CONST Boolean type=kotlin.Boolean value=false
                    showPermissionDialog: COMPOSITE type=kotlin.Boolean origin=DEFAULT_VALUE
                      CONST Boolean type=kotlin.Boolean value=false
                    selectedHour: GET_VAR '$hour: kotlin.Int declared in com.ritesh.cashiro.presentation.ui.features.notifications.NotificationsViewModel.updateAlertTimeInternal.<no name provided>.invokeSuspend$lambda$0' type=kotlin.Int origin=null
                    selectedMinute: GET_VAR '$minute: kotlin.Int declared in com.ritesh.cashiro.presentation.ui.features.notifications.NotificationsViewModel.updateAlertTimeInternal.<no name provided>.invokeSuspend$lambda$0' type=kotlin.Int origin=null
                    showOnlyUnpaidTransactions: COMPOSITE type=kotlin.Boolean origin=DEFAULT_VALUE
                      CONST Boolean type=kotlin.Boolean value=false
                    sortByDueDate: COMPOSITE type=kotlin.Boolean origin=DEFAULT_VALUE
                      CONST Boolean type=kotlin.Boolean value=false
                    $mask0: CONST Int type=kotlin.Int value=3327
                    $handler: CONST Null type=kotlin.Any? value=null
            FUN LOCAL_FUNCTION_FOR_LAMBDA name:invokeSuspend$lambda$1 visibility:private modality:FINAL <> ($e:java.lang.Exception, it:com.ritesh.cashiro.presentation.ui.features.notifications.NotificationState) returnType:com.ritesh.cashiro.presentation.ui.features.notifications.NotificationState
              VALUE_PARAMETER BOUND_VALUE_PARAMETER name:$e index:0 type:java.lang.Exception
              VALUE_PARAMETER name:it index:1 type:com.ritesh.cashiro.presentation.ui.features.notifications.NotificationState
              BLOCK_BODY
                RETURN type=kotlin.Nothing from='private final fun invokeSuspend$lambda$1 ($e: java.lang.Exception, it: com.ritesh.cashiro.presentation.ui.features.notifications.NotificationState): com.ritesh.cashiro.presentation.ui.features.notifications.NotificationState declared in com.ritesh.cashiro.presentation.ui.features.notifications.NotificationsViewModel.updateAlertTimeInternal.<no name provided>'
                  CALL 'public final fun copy$default ($this: com.ritesh.cashiro.presentation.ui.features.notifications.NotificationState, isLoading: kotlin.Boolean, upcomingTransactions: kotlin.collections.List<com.ritesh.cashiro.data.local.entity.TransactionEntity>?, settings: com.ritesh.cashiro.domain.repository.Settings?, hasNotificationPermissions: kotlin.Boolean, error: kotlin.String?, showReminderTypeModal: kotlin.Boolean, showTimePicker: kotlin.Boolean, showPermissionDialog: kotlin.Boolean, selectedHour: kotlin.Int, selectedMinute: kotlin.Int, showOnlyUnpaidTransactions: kotlin.Boolean, sortByDueDate: kotlin.Boolean, $mask0: kotlin.Int, $handler: kotlin.Any?): com.ritesh.cashiro.presentation.ui.features.notifications.NotificationState declared in com.ritesh.cashiro.presentation.ui.features.notifications.NotificationState' type=com.ritesh.cashiro.presentation.ui.features.notifications.NotificationState origin=DEFAULT_DISPATCH_CALL
                    $this: GET_VAR 'it: com.ritesh.cashiro.presentation.ui.features.notifications.NotificationState declared in com.ritesh.cashiro.presentation.ui.features.notifications.NotificationsViewModel.updateAlertTimeInternal.<no name provided>.invokeSuspend$lambda$1' type=com.ritesh.cashiro.presentation.ui.features.notifications.NotificationState origin=null
                    isLoading: COMPOSITE type=kotlin.Boolean origin=DEFAULT_VALUE
                      CONST Boolean type=kotlin.Boolean value=false
                    upcomingTransactions: COMPOSITE type=kotlin.collections.List<com.ritesh.cashiro.data.local.entity.TransactionEntity>? origin=DEFAULT_VALUE
                      CONST Null type=kotlin.collections.List<com.ritesh.cashiro.data.local.entity.TransactionEntity>? value=null
                    settings: COMPOSITE type=com.ritesh.cashiro.domain.repository.Settings? origin=DEFAULT_VALUE
                      CONST Null type=com.ritesh.cashiro.domain.repository.Settings? value=null
                    hasNotificationPermissions: COMPOSITE type=kotlin.Boolean origin=DEFAULT_VALUE
                      CONST Boolean type=kotlin.Boolean value=false
                    error: STRING_CONCATENATION type=kotlin.String
                      CONST String type=kotlin.String value="Error updating alert time: "
                      CALL 'public open fun <get-message> (): kotlin.String? [fake_override] declared in java.lang.Exception' type=kotlin.String? origin=GET_PROPERTY
                        $this: GET_VAR '$e: java.lang.Exception declared in com.ritesh.cashiro.presentation.ui.features.notifications.NotificationsViewModel.updateAlertTimeInternal.<no name provided>.invokeSuspend$lambda$1' type=java.lang.Exception origin=null
                    showReminderTypeModal: COMPOSITE type=kotlin.Boolean origin=DEFAULT_VALUE
                      CONST Boolean type=kotlin.Boolean value=false
                    showTimePicker: COMPOSITE type=kotlin.Boolean origin=DEFAULT_VALUE
                      CONST Boolean type=kotlin.Boolean value=false
                    showPermissionDialog: COMPOSITE type=kotlin.Boolean origin=DEFAULT_VALUE
                      CONST Boolean type=kotlin.Boolean value=false
                    selectedHour: COMPOSITE type=kotlin.Int origin=DEFAULT_VALUE
                      CONST Int type=kotlin.Int value=0
                    selectedMinute: COMPOSITE type=kotlin.Int origin=DEFAULT_VALUE
                      CONST Int type=kotlin.Int value=0
                    showOnlyUnpaidTransactions: COMPOSITE type=kotlin.Boolean origin=DEFAULT_VALUE
                      CONST Boolean type=kotlin.Boolean value=false
                    sortByDueDate: COMPOSITE type=kotlin.Boolean origin=DEFAULT_VALUE
                      CONST Boolean type=kotlin.Boolean value=false
                    $mask0: CONST Int type=kotlin.Int value=4079
                    $handler: CONST Null type=kotlin.Any? value=null
            FUN BRIDGE name:invoke visibility:public modality:OPEN <> ($this:com.ritesh.cashiro.presentation.ui.features.notifications.NotificationsViewModel.updateAlertTimeInternal.<no name provided>, p1:kotlin.Any?, p2:kotlin.Any?) returnType:kotlin.Any?
              $this: VALUE_PARAMETER INSTANCE_RECEIVER name:<this> type:com.ritesh.cashiro.presentation.ui.features.notifications.NotificationsViewModel.updateAlertTimeInternal.<no name provided>
              VALUE_PARAMETER BRIDGE name:p1 index:0 type:kotlin.Any?
              VALUE_PARAMETER BRIDGE name:p2 index:1 type:kotlin.Any?
              EXPRESSION_BODY
                RETURN type=kotlin.Nothing from='public open fun invoke (p1: kotlin.Any?, p2: kotlin.Any?): kotlin.Any? declared in com.ritesh.cashiro.presentation.ui.features.notifications.NotificationsViewModel.updateAlertTimeInternal.<no name provided>'
                  CALL 'public final fun invoke (p1: kotlinx.coroutines.CoroutineScope, p2: kotlin.coroutines.Continuation<kotlin.Unit>?): kotlin.Any? declared in com.ritesh.cashiro.presentation.ui.features.notifications.NotificationsViewModel.updateAlertTimeInternal.<no name provided>' type=kotlin.Any? origin=BRIDGE_DELEGATION
                    $this: GET_VAR '<this>: com.ritesh.cashiro.presentation.ui.features.notifications.NotificationsViewModel.updateAlertTimeInternal.<no name provided> declared in com.ritesh.cashiro.presentation.ui.features.notifications.NotificationsViewModel.updateAlertTimeInternal.<no name provided>.invoke' type=com.ritesh.cashiro.presentation.ui.features.notifications.NotificationsViewModel.updateAlertTimeInternal.<no name provided> origin=null
                    p1: TYPE_OP type=kotlinx.coroutines.CoroutineScope origin=IMPLICIT_CAST typeOperand=kotlinx.coroutines.CoroutineScope
                      GET_VAR 'p1: kotlin.Any? declared in com.ritesh.cashiro.presentation.ui.features.notifications.NotificationsViewModel.updateAlertTimeInternal.<no name provided>.invoke' type=kotlin.Any? origin=null
                    p2: TYPE_OP type=kotlin.coroutines.Continuation<*> origin=IMPLICIT_CAST typeOperand=kotlin.coroutines.Continuation<*>
                      GET_VAR 'p2: kotlin.Any? declared in com.ritesh.cashiro.presentation.ui.features.notifications.NotificationsViewModel.updateAlertTimeInternal.<no name provided>.invoke' type=kotlin.Any? origin=null
          CONSTRUCTOR_CALL 'public/*package*/ constructor <init> (this$0: com.ritesh.cashiro.presentation.ui.features.notifications.NotificationsViewModel, $hour: kotlin.Int, $minute: kotlin.Int, $completion: kotlin.coroutines.Continuation<com.ritesh.cashiro.presentation.ui.features.notifications.NotificationsViewModel.updateAlertTimeInternal.<no name provided>>?) [primary] declared in com.ritesh.cashiro.presentation.ui.features.notifications.NotificationsViewModel.updateAlertTimeInternal.<no name provided>' type=com.ritesh.cashiro.presentation.ui.features.notifications.NotificationsViewModel.updateAlertTimeInternal.<no name provided> origin=null
            this$0: GET_VAR '<this>: com.ritesh.cashiro.presentation.ui.features.notifications.NotificationsViewModel declared in com.ritesh.cashiro.presentation.ui.features.notifications.NotificationsViewModel.updateAlertTimeInternal' type=com.ritesh.cashiro.presentation.ui.features.notifications.NotificationsViewModel origin=null
            $hour: GET_VAR 'hour: kotlin.Int declared in com.ritesh.cashiro.presentation.ui.features.notifications.NotificationsViewModel.updateAlertTimeInternal' type=kotlin.Int origin=null
            $minute: GET_VAR 'minute: kotlin.Int declared in com.ritesh.cashiro.presentation.ui.features.notifications.NotificationsViewModel.updateAlertTimeInternal' type=kotlin.Int origin=null
            $completion: CONST Null type=kotlin.Nothing? value=null
        $mask0: CONST Int type=kotlin.Int value=3
        $handler: CONST Null type=kotlin.Any? value=null
      COMPOSITE type=kotlin.Unit origin=null

	at org.jetbrains.kotlin.backend.jvm.codegen.FunctionCodegen.generate(FunctionCodegen.kt:48)
	at org.jetbrains.kotlin.backend.jvm.codegen.FunctionCodegen.generate$default(FunctionCodegen.kt:41)
	at org.jetbrains.kotlin.backend.jvm.codegen.ClassCodegen.generateMethodNode(ClassCodegen.kt:407)
	at org.jetbrains.kotlin.backend.jvm.codegen.ClassCodegen.generateMethod(ClassCodegen.kt:424)
	at org.jetbrains.kotlin.backend.jvm.codegen.ClassCodegen.generate(ClassCodegen.kt:169)
	at org.jetbrains.kotlin.backend.jvm.FileCodegen.lower(JvmPhases.kt:39)
	at org.jetbrains.kotlin.backend.common.phaser.PhaseFactoriesKt.createFilePhase$lambda$4(PhaseFactories.kt:71)
	at org.jetbrains.kotlin.backend.common.phaser.PhaseBuildersKt$createSimpleNamedCompilerPhase$1.phaseBody(PhaseBuilders.kt:69)
	at org.jetbrains.kotlin.backend.common.phaser.SimpleNamedCompilerPhase.phaseBody(CompilerPhase.kt:226)
	at org.jetbrains.kotlin.backend.common.phaser.AbstractNamedCompilerPhase.invoke(CompilerPhase.kt:113)
	at org.jetbrains.kotlin.backend.common.phaser.PerformByIrFilePhase.invokeSequential(performByIrFile.kt:52)
	... 45 more
Caused by: org.jetbrains.kotlin.codegen.CompilationException: Back-end (JVM) Internal error: Couldn't transform method node:
invokeSuspend$lambda$1 (Ljava/lang/Exception;Lcom/ritesh/cashiro/presentation/ui/features/notifications/NotificationState;)Lcom/ritesh/cashiro/presentation/ui/features/notifications/NotificationState;:
    // annotable parameter count: 2 (visible)
    // annotable parameter count: 2 (invisible)
   L0
    LINENUMBER 240 L0
    ALOAD 1
    ICONST_0
    ACONST_NULL
    ACONST_NULL
    ICONST_0
    ALOAD 0
    INVOKEVIRTUAL java/lang/Exception.getMessage ()Ljava/lang/String;
    INVOKEDYNAMIC makeConcatWithConstants(Ljava/lang/String;)Ljava/lang/String; [
      // handle kind 0x6 : INVOKESTATIC
      java/lang/invoke/StringConcatFactory.makeConcatWithConstants(Ljava/lang/invoke/MethodHandles$Lookup;Ljava/lang/String;Ljava/lang/invoke/MethodType;Ljava/lang/String;[Ljava/lang/Object;)Ljava/lang/invoke/CallSite;
      // arguments:
      "Error updating alert time: \u0001"
    ]
    ICONST_0
    ICONST_0
    ICONST_0
    ICONST_0
    ICONST_0
    ICONST_0
    ICONST_0
    SIPUSH 4079
    ACONST_NULL
    INVOKESTATIC com/ritesh/cashiro/presentation/ui/features/notifications/NotificationState.copy$default (Lcom/ritesh/cashiro/presentation/ui/features/notifications/NotificationState;ZLjava/util/List;Lcom/ritesh/cashiro/domain/repository/Settings;ZLjava/lang/String;ZZZIIZZILjava/lang/Object;)Lcom/ritesh/cashiro/presentation/ui/features/notifications/NotificationState;
    ARETURN
    NOP
   L1
    LOCALVARIABLE $e Ljava/lang/Exception; L0 L1 0
    LOCALVARIABLE it Lcom/ritesh/cashiro/presentation/ui/features/notifications/NotificationState; L0 L1 1
    MAXSTACK = 15
    MAXLOCALS = 2

File is unknown
The root cause java.lang.OutOfMemoryError was thrown at: org.jetbrains.org.objectweb.asm.tree.InsnList.toArray(InsnList.java:178)
	at org.jetbrains.kotlin.codegen.TransformationMethodVisitor.visitEnd(TransformationMethodVisitor.kt:89)
	at org.jetbrains.org.objectweb.asm.MethodVisitor.visitEnd(MethodVisitor.java:783)
	at org.jetbrains.org.objectweb.asm.tree.MethodNode.accept(MethodNode.java:772)
	at org.jetbrains.kotlin.backend.jvm.codegen.ClassCodegen.generateMethod(ClassCodegen.kt:454)
	at org.jetbrains.kotlin.backend.jvm.codegen.ClassCodegen.generate(ClassCodegen.kt:169)
	at org.jetbrains.kotlin.backend.jvm.codegen.ExpressionCodegen.visitClass(ExpressionCodegen.kt:952)
	at org.jetbrains.kotlin.backend.jvm.codegen.ExpressionCodegen.visitClass(ExpressionCodegen.kt:134)
	at org.jetbrains.kotlin.ir.declarations.IrClass.accept(IrClass.kt:72)
	at org.jetbrains.kotlin.backend.jvm.codegen.ExpressionCodegen.visitStatementContainer(ExpressionCodegen.kt:524)
	at org.jetbrains.kotlin.backend.jvm.codegen.ExpressionCodegen.visitContainerExpression(ExpressionCodegen.kt:538)
	at org.jetbrains.kotlin.backend.jvm.codegen.ExpressionCodegen.visitContainerExpression(ExpressionCodegen.kt:134)
	at org.jetbrains.kotlin.ir.visitors.IrElementVisitor$DefaultImpls.visitBlock(IrElementVisitor.kt:126)
	at org.jetbrains.kotlin.backend.jvm.codegen.ExpressionCodegen.visitBlock(ExpressionCodegen.kt:409)
	at org.jetbrains.kotlin.backend.jvm.codegen.ExpressionCodegen.visitBlock(ExpressionCodegen.kt:134)
	at org.jetbrains.kotlin.ir.expressions.IrBlock.accept(IrBlock.kt:18)
	at org.jetbrains.kotlin.backend.jvm.codegen.ExpressionCodegen.gen(ExpressionCodegen.kt:213)
	at org.jetbrains.kotlin.backend.jvm.codegen.IrCallGenerator.genValueAndPut(IrCallGenerator.kt:48)
	at org.jetbrains.kotlin.backend.jvm.codegen.ExpressionCodegen.visitCall$handleParameter(ExpressionCodegen.kt:561)
	at org.jetbrains.kotlin.backend.jvm.codegen.ExpressionCodegen.visitCall(ExpressionCodegen.kt:589)
	at org.jetbrains.kotlin.backend.jvm.codegen.ExpressionCodegen.visitCall(ExpressionCodegen.kt:134)
	at org.jetbrains.kotlin.ir.expressions.IrCall.accept(IrCall.kt:24)
	at org.jetbrains.kotlin.backend.jvm.codegen.ExpressionCodegen.visitStatementContainer(ExpressionCodegen.kt:524)
	at org.jetbrains.kotlin.backend.jvm.codegen.ExpressionCodegen.visitContainerExpression(ExpressionCodegen.kt:538)
	at org.jetbrains.kotlin.backend.jvm.codegen.ExpressionCodegen.visitContainerExpression(ExpressionCodegen.kt:134)
	at org.jetbrains.kotlin.ir.visitors.IrElementVisitor$DefaultImpls.visitComposite(IrElementVisitor.kt:129)
	at org.jetbrains.kotlin.backend.jvm.codegen.ExpressionCodegen.visitComposite(ExpressionCodegen.kt:134)
	at org.jetbrains.kotlin.backend.jvm.codegen.ExpressionCodegen.visitComposite(ExpressionCodegen.kt:134)
	at org.jetbrains.kotlin.ir.expressions.IrComposite.accept(IrComposite.kt:18)
	at org.jetbrains.kotlin.backend.jvm.codegen.ExpressionCodegen.visitStatementContainer(ExpressionCodegen.kt:524)
	at org.jetbrains.kotlin.backend.jvm.codegen.ExpressionCodegen.visitBlockBody(ExpressionCodegen.kt:529)
	at org.jetbrains.kotlin.backend.jvm.codegen.ExpressionCodegen.visitBlockBody(ExpressionCodegen.kt:134)
	at org.jetbrains.kotlin.ir.expressions.IrBlockBody.accept(IrBlockBody.kt:20)
	at org.jetbrains.kotlin.backend.jvm.codegen.ExpressionCodegen.generate(ExpressionCodegen.kt:236)
	at org.jetbrains.kotlin.backend.jvm.codegen.FunctionCodegen.doGenerate(FunctionCodegen.kt:124)
	at org.jetbrains.kotlin.backend.jvm.codegen.FunctionCodegen.generate(FunctionCodegen.kt:45)
	... 55 more
Caused by: java.lang.OutOfMemoryError: GC overhead limit exceeded
	at org.jetbrains.org.objectweb.asm.tree.InsnList.toArray(InsnList.java:178)
	at org.jetbrains.kotlin.codegen.optimization.temporaryVals.TemporaryValsAnalyzer.analyze(TemporaryVals.kt:37)
	at org.jetbrains.kotlin.codegen.optimization.temporaryVals.TemporaryVariablesEliminationTransformer.transform(TemporaryVariablesEliminationTransformer.kt:39)
	at org.jetbrains.kotlin.codegen.optimization.transformer.CompositeMethodTransformer.transform(CompositeMethodTransformer.kt:25)
	at org.jetbrains.kotlin.codegen.optimization.OptimizationMethodVisitor.performTransformations(OptimizationMethodVisitor.kt:74)
	at org.jetbrains.kotlin.codegen.TransformationMethodVisitor.visitEnd(TransformationMethodVisitor.kt:67)
	at org.jetbrains.org.objectweb.asm.MethodVisitor.visitEnd(MethodVisitor.java:783)
	at org.jetbrains.org.objectweb.asm.tree.MethodNode.accept(MethodNode.java:772)
	at org.jetbrains.kotlin.backend.jvm.codegen.ClassCodegen.generateMethod(ClassCodegen.kt:454)
	at org.jetbrains.kotlin.backend.jvm.codegen.ClassCodegen.generate(ClassCodegen.kt:169)
	at org.jetbrains.kotlin.backend.jvm.codegen.ExpressionCodegen.visitClass(ExpressionCodegen.kt:952)
	at org.jetbrains.kotlin.backend.jvm.codegen.ExpressionCodegen.visitClass(ExpressionCodegen.kt:134)
	at org.jetbrains.kotlin.ir.declarations.IrClass.accept(IrClass.kt:72)
	at org.jetbrains.kotlin.backend.jvm.codegen.ExpressionCodegen.visitStatementContainer(ExpressionCodegen.kt:524)
	at org.jetbrains.kotlin.backend.jvm.codegen.ExpressionCodegen.visitContainerExpression(ExpressionCodegen.kt:538)
	at org.jetbrains.kotlin.backend.jvm.codegen.ExpressionCodegen.visitContainerExpression(ExpressionCodegen.kt:134)
	at org.jetbrains.kotlin.ir.visitors.IrElementVisitor$DefaultImpls.visitBlock(IrElementVisitor.kt:126)
	at org.jetbrains.kotlin.backend.jvm.codegen.ExpressionCodegen.visitBlock(ExpressionCodegen.kt:409)
	at org.jetbrains.kotlin.backend.jvm.codegen.ExpressionCodegen.visitBlock(ExpressionCodegen.kt:134)
	at org.jetbrains.kotlin.ir.expressions.IrBlock.accept(IrBlock.kt:18)
	at org.jetbrains.kotlin.backend.jvm.codegen.ExpressionCodegen.gen(ExpressionCodegen.kt:213)
	at org.jetbrains.kotlin.backend.jvm.codegen.IrCallGenerator.genValueAndPut(IrCallGenerator.kt:48)
	at org.jetbrains.kotlin.backend.jvm.codegen.ExpressionCodegen.visitCall$handleParameter(ExpressionCodegen.kt:561)
	at org.jetbrains.kotlin.backend.jvm.codegen.ExpressionCodegen.visitCall(ExpressionCodegen.kt:589)
	at org.jetbrains.kotlin.backend.jvm.codegen.ExpressionCodegen.visitCall(ExpressionCodegen.kt:134)
	at org.jetbrains.kotlin.ir.expressions.IrCall.accept(IrCall.kt:24)
	at org.jetbrains.kotlin.backend.jvm.codegen.ExpressionCodegen.visitStatementContainer(ExpressionCodegen.kt:524)
	at org.jetbrains.kotlin.backend.jvm.codegen.ExpressionCodegen.visitContainerExpression(ExpressionCodegen.kt:538)
	at org.jetbrains.kotlin.backend.jvm.codegen.ExpressionCodegen.visitContainerExpression(ExpressionCodegen.kt:134)
	at org.jetbrains.kotlin.ir.visitors.IrElementVisitor$DefaultImpls.visitComposite(IrElementVisitor.kt:129)
	at org.jetbrains.kotlin.backend.jvm.codegen.ExpressionCodegen.visitComposite(ExpressionCodegen.kt:134)
	at org.jetbrains.kotlin.backend.jvm.codegen.ExpressionCodegen.visitComposite(ExpressionCodegen.kt:134)


